  Using 'git status' to determine working set for adaptive non-unity build (D:\GraduateProject\project\Awake).
  Building AwakeEditor...
  Using Visual Studio 2019 14.29.30147 toolchain (C:\Program Files (x86)\Microsoft Visual Studio\2019\Community\VC\Tools\MSVC\14.29.30133) and Windows 10.0.18362.0 SDK (C:\Program Files (x86)\Windows Kits\10).
  Building 1 action with 12 processes...
  
  처리되지 않은 예외: System.ArgumentException: Path fragment '"Content/1_First_Stage/ChangeLevel/\354\210\262_\353\260\260\352\262\275_\353\240\210\355\215\274\353\237\260\354\212\2443.uasset"' contains invalid directory separators.
     위치: Tools.DotNETCommon.FileSystemReference.CombineStrings(DirectoryReference BaseDirectory, String[] Fragments) 파일 D:\Build\++UE4\Sync\Engine\Saved\CsTools\Engine\Source\Programs\DotNETCommon\DotNETUtilities\FileSystemReference.cs:줄 90
     위치: UnrealBuildTool.GitSourceFileWorkingSet.AddPath(String Path) 파일 D:\Build\++UE4\Sync\Engine\Source\Programs\UnrealBuildTool\System\SourceFileWorkingSet.cs:줄 275
     위치: System.Diagnostics.Process.OutputReadNotifyUser(String data)
     위치: System.Diagnostics.AsyncStreamReader.FlushMessageQueue()
     위치: System.Diagnostics.AsyncStreamReader.GetLinesFromStringBuilder()
     위치: System.Diagnostics.AsyncStreamReader.ReadBuffer(IAsyncResult ar)
     위치: System.Threading.ExecutionContext.RunInternal(ExecutionContext executionContext, ContextCallback callback, Object state, Boolean preserveSyncCtx)
     위치: System.Threading.ExecutionContext.Run(ExecutionContext executionContext, ContextCallback callback, Object state, Boolean preserveSyncCtx)
     위치: System.IO.Stream.ReadWriteTask.System.Threading.Tasks.ITaskCompletionAction.Invoke(Task completingTask)
     위치: System.Threading.Tasks.Task.FinishContinuations()
     위치: System.Threading.Tasks.Task.Finish(Boolean bUserDelegateExecuted)
     위치: System.Threading.Tasks.Task.ExecuteWithThreadLocal(Task& currentTaskSlot)
     위치: System.Threading.Tasks.Task.ExecuteEntry(Boolean bPreventDoubleExecution)
     위치: System.Threading.ThreadPoolWorkQueue.Dispatch()
    [1/1] AwakeEditor.target
  Total time in Parallel executor: 2.33 seconds
C:\Program Files (x86)\Microsoft Visual Studio\2019\Community\MSBuild\Microsoft\VC\v160\Microsoft.MakeFile.Targets(45,5): error MSB3073: The command "D:\INSTALL\UnrealEngine\UE_4.27\Engine\Build\BatchFiles\Build.bat AwakeEditor Win64 Development -Project="D:\GraduateProject\project\Awake\Awake.uproject" -WaitMutex -FromMsBuild" exited with code -532462766.
